\BOOKMARK [1][-]{section.1}{Introduction}{}% 1
\BOOKMARK [1][-]{section.2}{Related Work}{}% 2
\BOOKMARK [2][-]{subsection.2.1}{Linear Mapping}{section.2}% 3
\BOOKMARK [2][-]{subsection.2.2}{Multitask Learning}{section.2}% 4
\BOOKMARK [2][-]{subsection.2.3}{Joint Learning from Sentence Embeddings}{section.2}% 5
\BOOKMARK [2][-]{subsection.2.4}{An Autoencoder approach}{section.2}% 6
\BOOKMARK [1][-]{section.3}{Sentence embeddings from parallel data}{}% 7
\BOOKMARK [2][-]{subsection.3.1}{paragraph2vec}{section.3}% 8
\BOOKMARK [2][-]{subsection.3.2}{Embeddings for parallel sentences}{section.3}% 9
\BOOKMARK [1][-]{section.4}{Obtaining multilingual word embeddings}{}% 10
\BOOKMARK [1][-]{section.5}{Evaluation}{}% 11
\BOOKMARK [2][-]{subsection.5.1}{Word analogy task}{section.5}% 12
\BOOKMARK [2][-]{subsection.5.2}{Document classification - RCV}{section.5}% 13
\BOOKMARK [2][-]{subsection.5.3}{TED document classification}{section.5}% 14
\BOOKMARK [1][-]{section.6}{Experiments and results}{}% 15
\BOOKMARK [2][-]{subsection.6.1}{Data}{section.6}% 16
\BOOKMARK [2][-]{subsection.6.2}{Implementation}{section.6}% 17
\BOOKMARK [2][-]{subsection.6.3}{Sentence embeddings from multilingual dbow}{section.6}% 18
\BOOKMARK [2][-]{subsection.6.4}{Word embeddings from sentence embeddings}{section.6}% 19
\BOOKMARK [1][-]{section.7}{Discussion and future work}{}% 20
\BOOKMARK [1][-]{section.8}{Conclusion}{}% 21
